<?xml version="1.0" encoding="utf-8"?><testsuites name="pytest tests"><testsuite name="pytest" errors="0" failures="0" skipped="0" tests="74" time="3.115" timestamp="2026-06-03T01:42:03.822771-06:00" hostname="Mac.gateway.sasktel.net"><testcase classname="tests.test_fused_kernel_mlx" name="test_fused_kernel_source_route_exists" time="0.000" /><testcase classname="tests.test_fused_kernel_mlx" name="test_fused_output_matches_sequential_reference[3-shape0]" time="0.096" /><testcase classname="tests.test_fused_kernel_mlx" name="test_fused_output_matches_sequential_reference[3-shape1]" time="0.014" /><testcase classname="tests.test_fused_kernel_mlx" name="test_fused_output_matches_sequential_reference[3-shape2]" time="0.025" /><testcase classname="tests.test_fused_kernel_mlx" name="test_fused_output_matches_sequential_reference[8-shape0]" time="0.007" /><testcase classname="tests.test_fused_kernel_mlx" name="test_fused_output_matches_sequential_reference[8-shape1]" time="0.009" /><testcase classname="tests.test_fused_kernel_mlx" name="test_fused_output_matches_sequential_reference[8-shape2]" time="0.016" /><testcase classname="tests.test_fused_kernel_mlx" name="test_kv_manager_uses_fused_route_when_requested" time="0.035" /><testcase classname="tests.test_fused_kernel_mlx" name="test_strict_fused_failure_raises_not_fallback" time="0.049" /><testcase classname="tests.test_kernel_equivalence_mlx" name="test_metal_hash_sign_is_self_inverse" time="0.001" /><testcase classname="tests.test_kernel_equivalence_mlx" name="test_metal_reconstruction_matches_reference[shape0-False-False-metal_multikernel_dequant]" time="0.010" /><testcase classname="tests.test_kernel_equivalence_mlx" name="test_metal_reconstruction_matches_reference[shape0-True-False-metal_multikernel_dequant_wht]" time="0.015" /><testcase classname="tests.test_kernel_equivalence_mlx" name="test_metal_reconstruction_matches_reference[shape0-False-True-metal_multikernel_dequant_sign]" time="0.010" /><testcase classname="tests.test_kernel_equivalence_mlx" name="test_metal_reconstruction_matches_reference[shape0-True-True-metal_multikernel_dequant_wht_sign]" time="0.016" /><testcase classname="tests.test_kernel_equivalence_mlx" name="test_metal_reconstruction_matches_reference[shape1-False-False-metal_multikernel_dequant]" time="0.021" /><testcase classname="tests.test_kernel_equivalence_mlx" name="test_metal_reconstruction_matches_reference[shape1-True-False-metal_multikernel_dequant_wht]" time="0.024" /><testcase classname="tests.test_kernel_equivalence_mlx" name="test_metal_reconstruction_matches_reference[shape1-False-True-metal_multikernel_dequant_sign]" time="0.017" /><testcase classname="tests.test_kernel_equivalence_mlx" name="test_metal_reconstruction_matches_reference[shape1-True-True-metal_multikernel_dequant_wht_sign]" time="0.017" /><testcase classname="tests.test_kernel_equivalence_mlx" name="test_metal_reconstruction_matches_reference[shape2-False-False-metal_multikernel_dequant]" time="0.030" /><testcase classname="tests.test_kernel_equivalence_mlx" name="test_metal_reconstruction_matches_reference[shape2-True-False-metal_multikernel_dequant_wht]" time="0.037" /><testcase classname="tests.test_kernel_equivalence_mlx" name="test_metal_reconstruction_matches_reference[shape2-False-True-metal_multikernel_dequant_sign]" time="0.037" /><testcase classname="tests.test_kernel_equivalence_mlx" name="test_metal_reconstruction_matches_reference[shape2-True-True-metal_multikernel_dequant_wht_sign]" time="0.051" /><testcase classname="tests.test_kernel_equivalence_mlx" name="test_strict_metal_uses_metal_route[shape0-False-False-metal_multikernel_dequant]" time="0.010" /><testcase classname="tests.test_kernel_equivalence_mlx" name="test_strict_metal_uses_metal_route[shape0-True-False-metal_multikernel_dequant_wht]" time="0.011" /><testcase classname="tests.test_kernel_equivalence_mlx" name="test_strict_metal_uses_metal_route[shape0-False-True-metal_multikernel_dequant_sign]" time="0.009" /><testcase classname="tests.test_kernel_equivalence_mlx" name="test_strict_metal_uses_metal_route[shape0-True-True-metal_multikernel_dequant_wht_sign]" time="0.011" /><testcase classname="tests.test_kernel_equivalence_mlx" name="test_strict_metal_uses_metal_route[shape1-False-False-metal_multikernel_dequant]" time="0.034" /><testcase classname="tests.test_kernel_equivalence_mlx" name="test_strict_metal_uses_metal_route[shape1-True-False-metal_multikernel_dequant_wht]" time="0.027" /><testcase classname="tests.test_kernel_equivalence_mlx" name="test_strict_metal_uses_metal_route[shape1-False-True-metal_multikernel_dequant_sign]" time="0.021" /><testcase classname="tests.test_kernel_equivalence_mlx" name="test_strict_metal_uses_metal_route[shape1-True-True-metal_multikernel_dequant_wht_sign]" time="0.029" /><testcase classname="tests.test_kernel_equivalence_mlx" name="test_strict_metal_uses_metal_route[shape2-False-False-metal_multikernel_dequant]" time="0.046" /><testcase classname="tests.test_kernel_equivalence_mlx" name="test_strict_metal_uses_metal_route[shape2-True-False-metal_multikernel_dequant_wht]" time="0.052" /><testcase classname="tests.test_kernel_equivalence_mlx" name="test_strict_metal_uses_metal_route[shape2-False-True-metal_multikernel_dequant_sign]" time="0.058" /><testcase classname="tests.test_kernel_equivalence_mlx" name="test_strict_metal_uses_metal_route[shape2-True-True-metal_multikernel_dequant_wht_sign]" time="0.266" /><testcase classname="tests.test_kv_manager" name="test_store_retrieve_various_shapes[shape0]" time="0.022" /><testcase classname="tests.test_kv_manager" name="test_store_retrieve_various_shapes[shape1]" time="0.264" /><testcase classname="tests.test_kv_manager" name="test_store_retrieve_various_shapes[shape2]" time="0.855" /><testcase classname="tests.test_kv_manager" name="test_store_retrieve_various_shapes[shape3]" time="0.141" /><testcase classname="tests.test_kv_manager" name="test_store_retrieve_various_shapes[shape4]" time="0.263" /><testcase classname="tests.test_kv_manager" name="test_normal_distribution" time="0.027" /><testcase classname="tests.test_kv_manager" name="test_small_magnitude" time="0.020" /><testcase classname="tests.test_kv_manager" name="test_large_magnitude" time="0.021" /><testcase classname="tests.test_kv_manager" name="test_all_zeros" time="0.008" /><testcase classname="tests.test_kv_manager" name="test_alternating_signs" time="0.019" /><testcase classname="tests.test_kv_manager" name="test_use_incoherent_false" time="0.015" /><testcase classname="tests.test_kv_manager" name="test_different_k_v_bits" time="0.014" /><testcase classname="tests.test_kv_manager" name="test_split_transform_flags_roundtrip[False-False]" time="0.014" /><testcase classname="tests.test_kv_manager" name="test_split_transform_flags_roundtrip[False-True]" time="0.009" /><testcase classname="tests.test_kv_manager" name="test_split_transform_flags_roundtrip[True-False]" time="0.020" /><testcase classname="tests.test_kv_manager" name="test_split_transform_flags_roundtrip[True-True]" time="0.018" /><testcase classname="tests.test_kv_manager" name="test_out_dtype_float16" time="0.013" /><testcase classname="tests.test_kv_manager" name="test_corruption_wrong_scale_count" time="0.006" /><testcase classname="tests.test_kv_manager" name="test_corruption_wrong_format_version" time="0.004" /><testcase classname="tests.test_kv_manager" name="test_corruption_wrong_k_bits" time="0.006" /><testcase classname="tests.test_kv_manager" name="test_store_replaces_existing_entry" time="0.015" /><testcase classname="tests.test_kv_manager" name="test_estimate_compressed_bytes_for_shape_is_positive" time="0.001" /><testcase classname="tests.test_kv_manager" name="test_estimate_compressed_bytes_reduces_with_higher_bits_for_packing" time="0.001" /><testcase classname="tests.test_kv_manager" name="test_sign_cache_is_instance_scoped" time="0.001" /><testcase classname="tests.test_kv_manager" name="test_sign_cache_is_thread_safe" time="0.005" /><testcase classname="tests.test_retrieve_blocks.TestRetrieveBlocks" name="test_retrieve_blocks_basic" time="0.009" /><testcase classname="tests.test_retrieve_blocks.TestRetrieveBlocks" name="test_retrieve_blocks_equivalence_vs_full" time="0.008" /><testcase classname="tests.test_retrieve_blocks.TestRetrieveBlocks" name="test_retrieve_blocks_empty_raises" time="0.004" /><testcase classname="tests.test_retrieve_blocks.TestRetrieveBlocks" name="test_retrieve_blocks_out_of_range_raises" time="0.004" /><testcase classname="tests.test_retrieve_blocks.TestRetrieveBlocks" name="test_retrieve_blocks_not_found" time="0.001" /><testcase classname="tests.test_retrieve_blocks.TestRetrieveBlocks" name="test_retrieve_blocks_rejects_negative_indices" time="0.003" /><testcase classname="tests.test_retrieve_blocks.TestRetrieveBlocks" name="test_retrieve_blocks_rejects_zero_block_size" time="0.003" /><testcase classname="tests.test_retrieve_blocks.TestRetrieveBlocks" name="test_retrieve_blocks_rejects_negative_block_size" time="0.003" /><testcase classname="tests.test_retrieve_blocks.TestRetrieveBlocks" name="test_retrieve_blocks_rejects_out_of_range_index" time="0.004" /><testcase classname="tests.test_retrieve_blocks.TestRetrieveBlocks" name="test_retrieve_blocks_deduplicates_and_sorts_indices" time="0.013" /><testcase classname="tests.test_retrieve_blocks.TestRetrieveBlocks" name="test_retrieve_blocks_shape_for_non_contiguous_blocks" time="0.012" /><testcase classname="tests.test_sparse_safety_gate" name="test_sparse_disabled_by_default" time="0.005" /><testcase classname="tests.test_sparse_safety_gate" name="test_bad_sparse_audit_disables_sparse" time="0.000" /><testcase classname="tests.test_sparse_safety_gate" name="test_clean_audit_streak_can_lower_topk" time="0.000" /><testcase classname="tests.test_sparse_safety_gate" name="test_unsafe_profile_forces_dense" time="0.006" /></testsuite></testsuites>